#
# There is insufficient memory for the Java Runtime Environment to continue.
# Native memory allocation (mmap) failed to map 132120576 bytes for Failed to commit area from 0x0000000082400000 to 0x000000008a200000 of length 132120576.
# Possible reasons:
#   The system is out of physical RAM or swap space
#   The process is running with CompressedOops enabled, and the Java Heap may be blocking the growth of the native heap
# Possible solutions:
#   Reduce memory load on the system
#   Increase physical memory or swap space
#   Check if swap backing store is full
#   Decrease Java heap size (-Xmx/-Xms)
#   Decrease number of Java threads
#   Decrease Java thread stack sizes (-Xss)
#   Set larger code cache with -XX:ReservedCodeCacheSize=
#   JVM is running with Unscaled Compressed Oops mode in which the Java heap is
#     placed in the first 4GB address space. The Java Heap base address is the
#     maximum limit for the native heap growth. Please use -XX:HeapBaseMinAddress
#     to set the Java Heap base and to place the Java Heap above 4GB virtual address.
# This output file may be truncated or incomplete.
#
#  Out of Memory Error (./open/src/hotspot/os/windows/os_windows.cpp:3315), pid=2796, tid=12264
#
# JRE version:  (14.0.2+12) (build )
# Java VM: OpenJDK 64-Bit Server VM (14.0.2+12-46, mixed mode, sharing, tiered, compressed oops, g1 gc, windows-amd64)
# No core dump will be written. Minidumps are not enabled by default on client versions of Windows
#

---------------  S U M M A R Y ------------

Command Line: -Dfile.encoding=UTF-8 -XX:+ShowCodeDetailsInExceptionMessages text_editor.Texter

Host: Intel(R) Core(TM) i5-8265U CPU @ 1.60GHz, 8 cores, 7G,  Windows 10 , 64 bit Build 19041 (10.0.19041.292)
Time: Sun Oct 11 14:18:03 2020 India Standard Time elapsed time: 0 seconds (0d 0h 0m 0s)

---------------  T H R E A D  ---------------

Current thread (0x000002bdaf45a000):  JavaThread "Unknown thread" [_thread_in_vm, id=12264, stack(0x000000f502c00000,0x000000f502d00000)]

Stack: [0x000000f502c00000,0x000000f502d00000]
Native frames: (J=compiled Java code, j=interpreted, Vv=VM code, C=native code)
V  [jvm.dll+0x5f8a9a]
V  [jvm.dll+0x74247a]
V  [jvm.dll+0x743c2f]
V  [jvm.dll+0x744273]
V  [jvm.dll+0x20d288]
V  [jvm.dll+0x5f5dea]
V  [jvm.dll+0x5eac45]
V  [jvm.dll+0x2c7e9c]
V  [jvm.dll+0x2c7cd2]
V  [jvm.dll+0x2cdbbc]
V  [jvm.dll+0x313fe8]
V  [jvm.dll+0x313710]
V  [jvm.dll+0x2a092a]
V  [jvm.dll+0x2a1a79]
V  [jvm.dll+0x71fd48]
V  [jvm.dll+0x321c14]
V  [jvm.dll+0x70112c]
V  [jvm.dll+0x392def]
V  [jvm.dll+0x394e61]
C  [jli.dll+0x524b]
C  [ucrtbase.dll+0x214c2]
C  [KERNEL32.DLL+0x16fd4]
C  [ntdll.dll+0x4cec1]


---------------  P R O C E S S  ---------------

Threads class SMR info:
_java_thread_list=0x00007ff9a8e73038, length=0, elements={
}

Java Threads: ( => current thread )

Other Threads:
  0x000002bdaf49d000 GCTaskThread "GC Thread#0" [stack: 0x000000f502d00000,0x000000f502e00000] [id=15020]
  0x000002bdaf4af000 ConcurrentGCThread "G1 Main Marker" [stack: 0x000000f502e00000,0x000000f502f00000] [id=23020]
  0x000002bdaf4b0800 ConcurrentGCThread "G1 Conc#0" [stack: 0x000000f502f00000,0x000000f503000000] [id=18620]

[error occurred during error reporting (printing all threads), id 0xc0000005, EXCEPTION_ACCESS_VIOLATION (0xc0000005) at pc=0x00007ff9a86a1257]

VM state:not at safepoint (not fully initialized)

VM Mutex/Monitor currently owned by a thread:  ([mutex/lock_event])
[0x000002bdaf4561c0] Heap_lock - owner thread: 0x000002bdaf45a000

Heap address: 0x0000000082400000, size: 2012 MB, Compressed Oops mode: 32-bit
Narrow klass base: 0x0000000000000000, Narrow klass shift: 0

GC Heap History (0 events):
No events

Deoptimization events (0 events):
No events

Classes unloaded (0 events):
No events

Classes redefined (0 events):
No events

Internal exceptions (0 events):
No events

Events (2 events):
Event: 0.010 Loaded shared library C:\Users\vedang\.p2\pool\plugins\org.eclipse.justj.openjdk.hotspot.jre.full.win32.x86_64_14.0.2.v20200815-0932\jre\bin\java.dll
Event: 0.011 Loaded shared library C:\Users\vedang\.p2\pool\plugins\org.eclipse.justj.openjdk.hotspot.jre.full.win32.x86_64_14.0.2.v20200815-0932\jre\bin\zip.dll


Dynamic libraries:
0x00007ff6a16f0000 - 0x00007ff6a16fd000 	C:\Users\vedang\.p2\pool\plugins\org.eclipse.justj.openjdk.hotspot.jre.full.win32.x86_64_14.0.2.v20200815-0932\jre\bin\javaw.exe
0x00007ff9f3c90000 - 0x00007ff9f3e85000 	C:\WINDOWS\SYSTEM32\ntdll.dll
0x00007ff9f1cf0000 - 0x00007ff9f1dad000 	C:\WINDOWS\System32\KERNEL32.DLL
0x00007ff9f13d0000 - 0x00007ff9f1697000 	C:\WINDOWS\System32\KERNELBASE.dll
0x00007ff9f1a30000 - 0x00007ff9f1b30000 	C:\WINDOWS\System32\ucrtbase.dll
0x00007ff9ece80000 - 0x00007ff9ece98000 	C:\Users\vedang\.p2\pool\plugins\org.eclipse.justj.openjdk.hotspot.jre.full.win32.x86_64_14.0.2.v20200815-0932\jre\bin\jli.dll
0x00007ff9f27f0000 - 0x00007ff9f2990000 	C:\WINDOWS\System32\USER32.dll
0x00007ff9f1720000 - 0x00007ff9f1742000 	C:\WINDOWS\System32\win32u.dll
0x00007ff9f30e0000 - 0x00007ff9f310a000 	C:\WINDOWS\System32\GDI32.dll
0x00007ff9f1b30000 - 0x00007ff9f1c39000 	C:\WINDOWS\System32\gdi32full.dll
0x00007ff9f1830000 - 0x00007ff9f18cd000 	C:\WINDOWS\System32\msvcp_win.dll
0x00007ff9ecea0000 - 0x00007ff9eceb5000 	C:\Users\vedang\.p2\pool\plugins\org.eclipse.justj.openjdk.hotspot.jre.full.win32.x86_64_14.0.2.v20200815-0932\jre\bin\VCRUNTIME140.dll
0x00007ff9d94e0000 - 0x00007ff9d977b000 	C:\WINDOWS\WinSxS\amd64_microsoft.windows.common-controls_6595b64144ccf1df_6.0.19041.488_none_ca04af081b815d21\COMCTL32.dll
0x00007ff9f26a0000 - 0x00007ff9f273e000 	C:\WINDOWS\System32\msvcrt.dll
0x00007ff9f34d0000 - 0x00007ff9f3500000 	C:\WINDOWS\System32\IMM32.DLL
0x00007ff9c9670000 - 0x00007ff9c970b000 	C:\Users\vedang\.p2\pool\plugins\org.eclipse.justj.openjdk.hotspot.jre.full.win32.x86_64_14.0.2.v20200815-0932\jre\bin\msvcp140.dll
0x00007ff9a83f0000 - 0x00007ff9a8f0e000 	C:\Users\vedang\.p2\pool\plugins\org.eclipse.justj.openjdk.hotspot.jre.full.win32.x86_64_14.0.2.v20200815-0932\jre\bin\server\jvm.dll
0x00007ff9f1e30000 - 0x00007ff9f1eda000 	C:\WINDOWS\System32\ADVAPI32.dll
0x00007ff9f2430000 - 0x00007ff9f24cb000 	C:\WINDOWS\System32\sechost.dll
0x00007ff9f3730000 - 0x00007ff9f3854000 	C:\WINDOWS\System32\RPCRT4.dll
0x00007ff9f1e20000 - 0x00007ff9f1e28000 	C:\WINDOWS\System32\PSAPI.DLL
0x00007ff9d22d0000 - 0x00007ff9d22d9000 	C:\WINDOWS\SYSTEM32\WSOCK32.dll
0x00007ff9f3bc0000 - 0x00007ff9f3c2b000 	C:\WINDOWS\System32\WS2_32.dll
0x00007ff9db510000 - 0x00007ff9db537000 	C:\WINDOWS\SYSTEM32\WINMM.dll
0x00007ff9e6fa0000 - 0x00007ff9e6faa000 	C:\WINDOWS\SYSTEM32\VERSION.dll
0x00007ff9ef310000 - 0x00007ff9ef323000 	C:\WINDOWS\SYSTEM32\kernel.appcore.dll
0x00007ff9e04a0000 - 0x00007ff9e04aa000 	C:\Users\vedang\.p2\pool\plugins\org.eclipse.justj.openjdk.hotspot.jre.full.win32.x86_64_14.0.2.v20200815-0932\jre\bin\jimage.dll
0x00007ff9eeb80000 - 0x00007ff9eed64000 	C:\WINDOWS\SYSTEM32\DBGHELP.DLL
0x00007ff9dd690000 - 0x00007ff9dd6bc000 	C:\WINDOWS\SYSTEM32\dbgcore.DLL
0x00007ff9f16a0000 - 0x00007ff9f171f000 	C:\WINDOWS\System32\bcryptPrimitives.dll
0x00007ff9b9360000 - 0x00007ff9b9385000 	C:\Users\vedang\.p2\pool\plugins\org.eclipse.justj.openjdk.hotspot.jre.full.win32.x86_64_14.0.2.v20200815-0932\jre\bin\java.dll
0x00007ff9b9340000 - 0x00007ff9b9356000 	C:\Users\vedang\.p2\pool\plugins\org.eclipse.justj.openjdk.hotspot.jre.full.win32.x86_64_14.0.2.v20200815-0932\jre\bin\zip.dll

dbghelp: loaded successfully - version: 4.0.5 - missing functions: none
symbol engine: initialized successfully - sym options: 0x614 - pdb path: .;C:\Users\vedang\.p2\pool\plugins\org.eclipse.justj.openjdk.hotspot.jre.full.win32.x86_64_14.0.2.v20200815-0932\jre\bin;C:\WINDOWS\SYSTEM32;C:\WINDOWS\WinSxS\amd64_microsoft.windows.common-controls_6595b64144ccf1df_6.0.19041.488_none_ca04af081b815d21;C:\Users\vedang\.p2\pool\plugins\org.eclipse.justj.openjdk.hotspot.jre.full.win32.x86_64_14.0.2.v20200815-0932\jre\bin\server

VM Arguments:
jvm_args: -Dfile.encoding=UTF-8 -XX:+ShowCodeDetailsInExceptionMessages 
java_command: text_editor.Texter
java_class_path (initial): C:\Users\vedang\eclipse-workspace\text_editor\bin
Launcher Type: SUN_STANDARD

[Global flags]
     intx CICompilerCount                          = 4                                         {product} {ergonomic}
     uint ConcGCThreads                            = 2                                         {product} {ergonomic}
     uint G1ConcRefinementThreads                  = 8                                         {product} {ergonomic}
   size_t G1HeapRegionSize                         = 1048576                                   {product} {ergonomic}
    uintx GCDrainStackTargetSize                   = 64                                        {product} {ergonomic}
   size_t InitialHeapSize                          = 132120576                                 {product} {ergonomic}
   size_t MarkStackSize                            = 4194304                                   {product} {ergonomic}
   size_t MaxHeapSize                              = 2109734912                                {product} {ergonomic}
   size_t MinHeapDeltaBytes                        = 1048576                                   {product} {ergonomic}
   size_t MinHeapSize                              = 8388608                                   {product} {ergonomic}
    uintx NonNMethodCodeHeapSize                   = 5839372                                {pd product} {ergonomic}
    uintx NonProfiledCodeHeapSize                  = 122909434                              {pd product} {ergonomic}
    uintx ProfiledCodeHeapSize                     = 122909434                              {pd product} {ergonomic}
    uintx ReservedCodeCacheSize                    = 251658240                              {pd product} {ergonomic}
     bool SegmentedCodeCache                       = true                                      {product} {ergonomic}
     bool ShowCodeDetailsInExceptionMessages       = true                                   {manageable} {command line}
   size_t SoftMaxHeapSize                          = 2109734912                             {manageable} {ergonomic}
     bool UseCompressedClassPointers               = true                                 {lp64_product} {ergonomic}
     bool UseCompressedOops                        = true                                 {lp64_product} {ergonomic}
     bool UseG1GC                                  = true                                      {product} {ergonomic}
     bool UseLargePagesIndividualAllocation        = false                                  {pd product} {ergonomic}

Logging:
Log output configuration:
 #0: stdout all=warning uptime,level,tags
 #1: stderr all=off uptime,level,tags

Environment Variables:
PATH=C:/Users/vedang/.p2/pool/plugins/org.eclipse.justj.openjdk.hotspot.jre.full.win32.x86_64_14.0.2.v20200815-0932/jre/bin/server;C:/Users/vedang/.p2/pool/plugins/org.eclipse.justj.openjdk.hotspot.jre.full.win32.x86_64_14.0.2.v20200815-0932/jre/bin;C:\Program Files (x86)\Intel\Intel(R) Management Engine Components\iCLS\;C:\Program Files\Intel\Intel(R) Management Engine Components\iCLS\;C:\Windows\system32;C:\Windows;C:\Windows\System32\Wbem;C:\Windows\System32\WindowsPowerShell\v1.0\;C:\Windows\System32\OpenSSH\;C:\Program Files (x86)\Intel\Intel(R) Management Engine Components\DAL;C:\Program Files\Intel\Intel(R) Management Engine Components\DAL;C:\Program Files\Intel\WiFi\bin\;C:\Program Files\Common Files\Intel\WirelessCommon\;C:\Program Files (x86)\NVIDIA Corporation\PhysX\Common;C:\Program Files\Java\jdk-13.0.1\bin;C:\Program Files\Git\cmd;C:\Program Files\nodejs\;C:\WINDOWS\system32;C:\WINDOWS;C:\WINDOWS\System32\Wbem;C:\WINDOWS\System32\WindowsPowerShell\v1.0\;C:\WINDOWS\System32\OpenSSH\;C:\Users\vedang\AppData\Local\Programs\Python\Python38-32\Scripts\;C:\Users\vedang\AppData\Local\Programs\Python\Python38-32\;C:\Users\vedang\AppData\Local\Microsoft\WindowsApps;C:\Program Files\JetBrains1\PyCharm Community Edition 2019.3.2\bin;C:\Users\vedang\AppData\Local\Programs\Microsoft VS Code\bin;C:\Users\vedang\AppData\Local\atom\bin;C:\Users\vedang\AppData\Local\hyper\app-3.0.2\resources\bin;C:\Users\vedang\AppData\Roaming\npm;C:\Users\vedang\AppData\Local\GitHubDesktop\bin;%USERPROFILE%\AppData\Local\Microsoft\WindowsApps;;C:\WINDOWS\system32;
USERNAME=vedang
OS=Windows_NT
PROCESSOR_IDENTIFIER=Intel64 Family 6 Model 142 Stepping 11, GenuineIntel



---------------  S Y S T E M  ---------------

OS: Windows 10 , 64 bit Build 19041 (10.0.19041.292)
OS uptime: 0 days 5:31 hours

CPU:total 8 (initial active 8) (4 cores per cpu, 2 threads per core) family 6 model 142 stepping 11, cmov, cx8, fxsr, mmx, sse, sse2, sse3, ssse3, sse4.1, sse4.2, popcnt, avx, avx2, aes, clmul, erms, 3dnowpref, lzcnt, ht, tsc, tscinvbit, bmi1, bmi2, adx, fma

Memory: 4k page, system-wide physical 8042M (230M free)
TotalPageFile size 32618M (AvailPageFile size 15M)
current process WorkingSet (physical memory assigned to process): 10M, peak: 10M
current process commit charge ("private bytes"): 60M, peak: 186M

vm_info: OpenJDK 64-Bit Server VM (14.0.2+12-46) for windows-amd64 JRE (14.0.2+12-46), built on Jul  9 2020 00:31:16 by "mach5one" with MS VC++ 15.9 (VS2017)

END.
